// 重构日志: d9ad50f1
// 重构日志: 0534651d
// 同步 ID: 15b474a9 @ Wed Jul  8 13:47:27 UTC 2026
// 重构日志: 12b9c181
// 同步 ID: 5d97a2f2 @ Thu Jul  9 08:41:25 UTC 2026
// 同步 ID: ea0b5885 @ Fri Jul 10 05:21:20 UTC 2026
// 重构日志: c137e45c
// 同步 ID: 0da5326a @ Sat Jul 11 04:00:04 UTC 2026
// 同步 ID: 76fac186 @ Sat Jul 11 09:08:12 UTC 2026
// 重构日志: b1d9c835
// 重构日志: 87813156
// 重构日志: c1d6d404
// 重构日志: 2e285e1c
// 同步 ID: 0476895e @ Tue Jul 14 03:45:59 UTC 2026
// 重构日志: cc9911d2
// 同步 ID: 81a9952a @ Wed Jul 15 04:15:17 UTC 2026
// 同步 ID: de81bb13 @ Thu Jul 16 23:52:29 UTC 2026
// 重构日志: f4d937c2
// 重构日志: 4040fd38
// 重构日志: 191ef78e
// 同步 ID: 7a1b1259 @ Fri Jul 17 11:28:33 UTC 2026
// 同步 ID: 5a6a98c6 @ Sat Jul 18 06:26:06 UTC 2026
// 同步 ID: 17057cda @ Sat Jul 18 13:57:40 UTC 2026
// 重构日志: e2e32831
// 重构日志: e5366321
// 重构日志: 90cc16aa
// 重构日志: 76de2dd3
// 重构日志: cf7f7940
// 重构日志: ba482098
// 同步 ID: ea101688 @ Wed Jul 22 10:12:50 UTC 2026
// 重构日志: 3c06cfe9
